<?xml version="1.0" encoding="UTF-8"?>
<!-- Generated by org.testng.reporters.JUnitXMLReporter -->
<testsuite ignored="0" hostname="COOLLAPTOP" failures="0" tests="5" name="Salesforce_Tests" time="64.252" errors="0" timestamp="2024-10-25T21:48:45 EDT">
  <testcase classname="Salesforce_TestNG.SalesForce_Login_Tests" name="TC1" time="6.748"/>
  <testcase classname="Salesforce_TestNG.SalesForce_Login_Tests" name="TC2" time="8.283"/>
  <testcase classname="Salesforce_TestNG.SalesForce_Login_Tests" name="TC3" time="23.434"/>
  <testcase classname="Salesforce_TestNG.SalesForce_Login_Tests" name="TC4A" time="5.377"/>
  <testcase classname="Salesforce_TestNG.SalesForce_Login_Tests" name="TC4B" time="7.167"/>
</testsuite> <!-- Salesforce_Tests -->
